<?xml version="1.0" encoding="UTF-8"?>
<coverage generated="1558474564723" clover="3.2.0">
  <project timestamp="1558474564723" name="All files">
    <metrics statements="34" coveredstatements="28" conditionals="0" coveredconditionals="0" methods="16" coveredmethods="12" elements="50" coveredelements="40" complexity="0" loc="34" ncloc="34" packages="2" files="4" classes="4"/>
    <package name="list">
      <metrics statements="9" coveredstatements="5" conditionals="0" coveredconditionals="0" methods="3" coveredmethods="2"/>
      <file name="list.js" path="/mnt/c/Users/CyberpowerPC/devstation/401/labs/lab02-classesInheritanceFunctional/list/list.js">
        <metrics statements="9" coveredstatements="5" conditionals="0" coveredconditionals="0" methods="3" coveredmethods="2"/>
        <line num="6" count="2" type="stmt"/>
        <line num="7" count="2" type="stmt"/>
        <line num="16" count="2" type="stmt"/>
        <line num="17" count="2" type="stmt"/>
        <line num="25" count="0" type="stmt"/>
        <line num="26" count="0" type="stmt"/>
        <line num="27" count="0" type="stmt"/>
        <line num="28" count="0" type="stmt"/>
        <line num="33" count="1" type="stmt"/>
      </file>
    </package>
    <package name="objects">
      <metrics statements="25" coveredstatements="23" conditionals="0" coveredconditionals="0" methods="13" coveredmethods="10"/>
      <file name="vehicle-class.js" path="/mnt/c/Users/CyberpowerPC/devstation/401/labs/lab02-classesInheritanceFunctional/objects/vehicle-class.js">
        <metrics statements="8" coveredstatements="6" conditionals="0" coveredconditionals="0" methods="6" coveredmethods="4"/>
        <line num="5" count="1" type="stmt"/>
        <line num="6" count="1" type="stmt"/>
        <line num="10" count="1" type="stmt"/>
        <line num="14" count="1" type="stmt"/>
        <line num="21" count="1" type="stmt"/>
        <line num="29" count="0" type="stmt"/>
        <line num="33" count="0" type="stmt"/>
        <line num="37" count="1" type="stmt"/>
      </file>
      <file name="vehicle-constructor.js" path="/mnt/c/Users/CyberpowerPC/devstation/401/labs/lab02-classesInheritanceFunctional/objects/vehicle-constructor.js">
        <metrics statements="16" coveredstatements="16" conditionals="0" coveredconditionals="0" methods="6" coveredmethods="6"/>
        <line num="3" count="1" type="stmt"/>
        <line num="4" count="5" type="stmt"/>
        <line num="5" count="5" type="stmt"/>
        <line num="8" count="1" type="stmt"/>
        <line num="9" count="3" type="stmt"/>
        <line num="12" count="1" type="stmt"/>
        <line num="13" count="3" type="stmt"/>
        <line num="17" count="1" type="stmt"/>
        <line num="18" count="1" type="stmt"/>
        <line num="21" count="1" type="stmt"/>
        <line num="24" count="1" type="stmt"/>
        <line num="25" count="2" type="stmt"/>
        <line num="28" count="1" type="stmt"/>
        <line num="30" count="1" type="stmt"/>
        <line num="31" count="2" type="stmt"/>
        <line num="34" count="1" type="stmt"/>
      </file>
      <file name="vehicle-factory.js" path="/mnt/c/Users/CyberpowerPC/devstation/401/labs/lab02-classesInheritanceFunctional/objects/vehicle-factory.js">
        <metrics statements="1" coveredstatements="1" conditionals="0" coveredconditionals="0" methods="1" coveredmethods="0"/>
        <line num="12" count="1" type="stmt"/>
      </file>
    </package>
  </project>
</coverage>
