{"/mnt/c/Users/CyberpowerPC/devstation/401/labs/lab02-classesInheritanceFunctional/list/list.js": {"path":"/mnt/c/Users/CyberpowerPC/devstation/401/labs/lab02-classesInheritanceFunctional/list/list.js","statementMap":{"0":{"start":{"line":6,"column":4},"end":{"line":6,"column":20}},"1":{"start":{"line":7,"column":4},"end":{"line":7,"column":19}},"2":{"start":{"line":16,"column":4},"end":{"line":16,"column":34}},"3":{"start":{"line":17,"column":4},"end":{"line":17,"column":18}},"4":{"start":{"line":25,"column":22},"end":{"line":25,"column":44}},"5":{"start":{"line":26,"column":4},"end":{"line":26,"column":34}},"6":{"start":{"line":27,"column":4},"end":{"line":27,"column":18}},"7":{"start":{"line":28,"column":4},"end":{"line":28,"column":23}},"8":{"start":{"line":33,"column":22},"end":{"line":33,"column":49}},"9":{"start":{"line":34,"column":4},"end":{"line":34,"column":33}},"10":{"start":{"line":35,"column":4},"end":{"line":37,"column":5}},"11":{"start":{"line":35,"column":16},"end":{"line":35,"column":17}},"12":{"start":{"line":36,"column":6},"end":{"line":36,"column":36}},"13":{"start":{"line":38,"column":4},"end":{"line":38,"column":15}},"14":{"start":{"line":39,"column":4},"end":{"line":39,"column":23}},"15":{"start":{"line":44,"column":23},"end":{"line":44,"column":47}},"16":{"start":{"line":45,"column":4},"end":{"line":47,"column":5}},"17":{"start":{"line":45,"column":17},"end":{"line":45,"column":18}},"18":{"start":{"line":46,"column":6},"end":{"line":46,"column":29}},"19":{"start":{"line":48,"column":4},"end":{"line":48,"column":30}},"20":{"start":{"line":50,"column":4},"end":{"line":52,"column":5}},"21":{"start":{"line":50,"column":17},"end":{"line":50,"column":18}},"22":{"start":{"line":51,"column":6},"end":{"line":51,"column":33}},"23":{"start":{"line":53,"column":4},"end":{"line":53,"column":23}},"24":{"start":{"line":59,"column":4},"end":{"line":61,"column":5}},"25":{"start":{"line":59,"column":16},"end":{"line":59,"column":17}},"26":{"start":{"line":60,"column":6},"end":{"line":60,"column":26}},"27":{"start":{"line":67,"column":0},"end":{"line":67,"column":22}}},"fnMap":{"0":{"name":"(anonymous_0)","decl":{"start":{"line":5,"column":2},"end":{"line":5,"column":3}},"loc":{"start":{"line":5,"column":16},"end":{"line":8,"column":3}},"line":5},"1":{"name":"(anonymous_1)","decl":{"start":{"line":14,"column":2},"end":{"line":14,"column":3}},"loc":{"start":{"line":14,"column":13},"end":{"line":18,"column":3}},"line":14},"2":{"name":"(anonymous_2)","decl":{"start":{"line":24,"column":2},"end":{"line":24,"column":3}},"loc":{"start":{"line":24,"column":8},"end":{"line":29,"column":3}},"line":24},"3":{"name":"(anonymous_3)","decl":{"start":{"line":32,"column":2},"end":{"line":32,"column":3}},"loc":{"start":{"line":32,"column":10},"end":{"line":40,"column":3}},"line":32},"4":{"name":"(anonymous_4)","decl":{"start":{"line":43,"column":2},"end":{"line":43,"column":3}},"loc":{"start":{"line":43,"column":19},"end":{"line":54,"column":3}},"line":43},"5":{"name":"(anonymous_5)","decl":{"start":{"line":58,"column":2},"end":{"line":58,"column":3}},"loc":{"start":{"line":58,"column":14},"end":{"line":63,"column":3}},"line":58}},"branchMap":{},"s":{"0":6,"1":6,"2":12,"3":12,"4":2,"5":2,"6":2,"7":2,"8":1,"9":1,"10":1,"11":1,"12":2,"13":1,"14":1,"15":1,"16":1,"17":1,"18":2,"19":1,"20":1,"21":1,"22":2,"23":1,"24":0,"25":0,"26":0,"27":1},"f":{"0":6,"1":12,"2":2,"3":1,"4":1,"5":0},"b":{},"_coverageSchema":"43e27e138ebf9cfc5966b082cf9a028302ed4184","hash":"81dee3269768c6f1bcecf47dbd251d1cf43d99e4"}
}
