TN:
SF:/mnt/c/Users/CyberpowerPC/devstation/401/labs/lab02-classesInheritanceFunctional/list/list-constructor.js
FN:3,List
FN:11,(anonymous_1)
FN:20,(anonymous_2)
FN:27,(anonymous_3)
FN:34,(anonymous_4)
FN:49,(anonymous_5)
FNF:6
FNH:2
FNDA:2,List
FNDA:2,(anonymous_1)
FNDA:0,(anonymous_2)
FNDA:0,(anonymous_3)
FNDA:0,(anonymous_4)
FNDA:0,(anonymous_5)
DA:4,2
DA:5,2
DA:11,1
DA:12,2
DA:13,2
DA:20,1
DA:21,0
DA:22,0
DA:23,0
DA:24,0
DA:27,1
DA:28,0
DA:29,0
DA:30,0
DA:31,0
DA:34,1
DA:35,0
DA:37,0
DA:38,0
DA:40,0
DA:42,0
DA:43,0
DA:46,0
DA:49,1
DA:50,0
DA:51,0
DA:55,1
LF:27
LH:10
BRF:0
BRH:0
end_of_record
