TN:
SF:/mnt/c/Users/CyberpowerPC/devstation/401/labs/lab02-classesInheritanceFunctional/list/list.js
FN:5,(anonymous_0)
FN:14,(anonymous_1)
FN:24,(anonymous_2)
FNF:3
FNH:2
FNDA:2,(anonymous_0)
FNDA:2,(anonymous_1)
FNDA:0,(anonymous_2)
DA:6,2
DA:7,2
DA:16,2
DA:17,2
DA:25,0
DA:26,0
DA:27,0
DA:28,0
DA:33,1
LF:9
LH:5
BRF:0
BRH:0
end_of_record
TN:
SF:/mnt/c/Users/CyberpowerPC/devstation/401/labs/lab02-classesInheritanceFunctional/objects/vehicle-class.js
FN:4,(anonymous_0)
FN:9,(anonymous_1)
FN:13,(anonymous_2)
FN:20,(anonymous_3)
FN:28,(anonymous_4)
FN:32,(anonymous_5)
FNF:6
FNH:4
FNDA:1,(anonymous_0)
FNDA:1,(anonymous_1)
FNDA:1,(anonymous_2)
FNDA:1,(anonymous_3)
FNDA:0,(anonymous_4)
FNDA:0,(anonymous_5)
DA:5,1
DA:6,1
DA:10,1
DA:14,1
DA:21,1
DA:29,0
DA:33,0
DA:37,1
LF:8
LH:6
BRF:0
BRH:0
end_of_record
TN:
SF:/mnt/c/Users/CyberpowerPC/devstation/401/labs/lab02-classesInheritanceFunctional/objects/vehicle-constructor.js
FN:3,(anonymous_0)
FN:8,(anonymous_1)
FN:12,(anonymous_2)
FN:17,(anonymous_3)
FN:24,(anonymous_4)
FN:30,(anonymous_5)
FNF:6
FNH:6
FNDA:5,(anonymous_0)
FNDA:3,(anonymous_1)
FNDA:3,(anonymous_2)
FNDA:1,(anonymous_3)
FNDA:2,(anonymous_4)
FNDA:2,(anonymous_5)
DA:3,1
DA:4,5
DA:5,5
DA:8,1
DA:9,3
DA:12,1
DA:13,3
DA:17,1
DA:18,1
DA:21,1
DA:24,1
DA:25,2
DA:28,1
DA:30,1
DA:31,2
DA:34,1
LF:16
LH:16
BRF:0
BRH:0
end_of_record
TN:
SF:/mnt/c/Users/CyberpowerPC/devstation/401/labs/lab02-classesInheritanceFunctional/objects/vehicle-factory.js
FN:4,(anonymous_0)
FN:5,(anonymous_1)
FN:8,(anonymous_2)
FN:15,Car
FN:26,Motorcycle
FN:34,wheelie
FNF:6
FNH:6
FNDA:2,(anonymous_0)
FNDA:2,(anonymous_1)
FNDA:2,(anonymous_2)
FNDA:1,Car
FNDA:1,Motorcycle
FNDA:1,wheelie
DA:4,2
DA:6,2
DA:9,2
DA:16,1
DA:22,1
DA:27,1
DA:34,1
DA:36,1
DA:42,1
LF:9
LH:9
BRF:0
BRH:0
end_of_record
